◇ injected env (3) from .env // tip: ⌁ auth for agents [www.vestauth.com]
🚀 Server running on port 5001
✅ Connected to MongoDB Atlas
[12:26:35 AM] GET /api/auth/signup
[12:27:59 AM] POST /api/auth/signup
Signup Request Received: {
  name: 'test',
  email: 'test@test.com',
  password: '123456',
  role: 'admin'
}
User created successfully: test@test.com
[12:28:21 AM] POST /api/auth/login
[12:28:21 AM] GET /api/projects
[12:28:21 AM] GET /api/projects
[12:28:27 AM] GET /api/projects
[12:28:28 AM] GET /api/projects
[12:28:32 AM] GET /api/projects
[12:28:32 AM] GET /api/projects
[12:28:33 AM] GET /api/projects
[12:28:33 AM] GET /api/projects
[12:28:35 AM] GET /api/projects
[12:28:35 AM] GET /api/projects
[12:28:36 AM] GET /api/projects
[12:28:36 AM] GET /api/projects
[12:28:45 AM] POST /api/projects
[12:28:45 AM] GET /api/projects
[12:28:48 AM] GET /api/projects
[12:28:48 AM] GET /api/projects
[12:28:48 AM] GET /api/tasks
[12:28:48 AM] GET /api/tasks
[12:29:04 AM] POST /api/tasks
[12:29:04 AM] GET /api/projects
[12:29:04 AM] GET /api/tasks
[12:29:10 AM] GET /api/projects
[12:29:10 AM] GET /api/projects
[12:29:10 AM] GET /api/tasks
[12:29:10 AM] GET /api/tasks
[12:29:11 AM] GET /api/projects
[12:29:11 AM] GET /api/projects
[12:29:38 AM] POST /api/auth/signup
Signup Request Received: { name: 'test', email: 'test123@test.com', password: 'password' }
User created successfully: test123@test.com
[12:33:27 AM] GET /api/dashboard/stats
[12:33:27 AM] GET /api/projects
[12:33:27 AM] GET /api/dashboard/stats
[12:33:27 AM] GET /api/projects
[12:33:31 AM] GET /api/users
[12:33:31 AM] GET /api/users
[12:33:32 AM] GET /api/projects
[12:33:33 AM] GET /api/projects
[12:33:34 AM] GET /api/users
[12:33:34 AM] GET /api/users
[12:33:35 AM] GET /api/dashboard/stats
[12:33:35 AM] GET /api/projects
[12:33:35 AM] GET /api/dashboard/stats
[12:33:35 AM] GET /api/projects
[12:33:38 AM] GET /api/projects
[12:33:39 AM] GET /api/projects
[12:33:41 AM] GET /api/dashboard/stats
[12:33:41 AM] GET /api/projects
[12:33:41 AM] GET /api/dashboard/stats
[12:33:41 AM] GET /api/projects
[12:33:42 AM] GET /api/projects
[12:33:42 AM] GET /api/projects
[12:33:49 AM] POST /api/projects
[12:33:49 AM] GET /api/projects
[12:33:52 AM] GET /api/users
[12:33:52 AM] GET /api/users
[12:33:55 AM] GET /api/projects
[12:33:55 AM] GET /api/projects
[12:33:56 AM] GET /api/users
[12:33:56 AM] GET /api/users
[12:33:57 AM] GET /api/dashboard/stats
[12:33:57 AM] GET /api/projects
[12:33:57 AM] GET /api/dashboard/stats
[12:33:57 AM] GET /api/projects
[12:33:58 AM] GET /api/users
[12:33:58 AM] GET /api/users
[12:35:12 AM] POST /api/auth/signup
Signup Request Received: {
  name: 'user',
  email: 'user@user.com',
  password: '123456789',
  role: 'member'
}
User created successfully: user@user.com
[12:35:27 AM] POST /api/auth/login
[12:35:27 AM] GET /api/dashboard/stats
[12:35:27 AM] GET /api/projects
[12:35:27 AM] GET /api/dashboard/stats
[12:35:27 AM] GET /api/projects
[12:35:30 AM] GET /api/users
[12:35:30 AM] GET /api/users
[12:35:31 AM] GET /api/users
[12:35:31 AM] GET /api/projects
[12:35:31 AM] GET /api/users
[12:35:31 AM] GET /api/projects
[12:35:32 AM] GET /api/dashboard/stats
[12:35:32 AM] GET /api/dashboard/stats
[12:35:32 AM] GET /api/projects
[12:35:32 AM] GET /api/projects
[12:35:33 AM] GET /api/users
[12:35:33 AM] GET /api/projects
[12:35:33 AM] GET /api/users
[12:35:34 AM] GET /api/projects
[12:35:35 AM] GET /api/users
[12:35:35 AM] GET /api/users
[12:35:41 AM] POST /api/auth/login
[12:36:59 AM] POST /api/auth/login
[12:37:10 AM] POST /api/auth/login
[12:37:10 AM] GET /api/dashboard/stats
[12:37:10 AM] GET /api/projects
[12:37:10 AM] GET /api/dashboard/stats
[12:37:10 AM] GET /api/projects
[12:37:13 AM] GET /api/projects
[12:37:13 AM] GET /api/users
[12:37:13 AM] GET /api/users
[12:37:13 AM] GET /api/projects
[12:37:16 AM] GET /api/dashboard/stats
[12:37:16 AM] GET /api/projects
[12:37:16 AM] GET /api/dashboard/stats
[12:37:16 AM] GET /api/projects
[12:37:18 AM] GET /api/users
[12:37:18 AM] GET /api/users
[12:37:18 AM] GET /api/users
[12:37:18 AM] GET /api/projects
[12:37:18 AM] GET /api/users
[12:37:18 AM] GET /api/projects
[12:37:19 AM] GET /api/users
[12:37:19 AM] GET /api/users
[12:37:21 AM] GET /api/dashboard/stats
[12:37:21 AM] GET /api/projects
[12:37:21 AM] GET /api/dashboard/stats
[12:37:21 AM] GET /api/projects
[12:37:21 AM] GET /api/users
[12:37:21 AM] GET /api/projects
[12:37:21 AM] GET /api/users
[12:37:21 AM] GET /api/projects
[12:37:48 AM] POST /api/auth/signup
Signup Request Received: {
  name: 'Raza',
  email: 'raza@raza.com',
  password: '123456789',
  role: 'admin'
}
User created successfully: raza@raza.com
[12:38:14 AM] POST /api/auth/login
[12:38:14 AM] GET /api/dashboard/stats
[12:38:14 AM] GET /api/projects
[12:38:14 AM] GET /api/dashboard/stats
[12:38:14 AM] GET /api/projects
[12:38:17 AM] GET /api/users
[12:38:17 AM] GET /api/projects
[12:38:17 AM] GET /api/users
[12:38:17 AM] GET /api/projects
[12:38:19 AM] GET /api/dashboard/stats
[12:38:19 AM] GET /api/projects
[12:38:19 AM] GET /api/dashboard/stats
[12:38:19 AM] GET /api/projects
[12:38:20 AM] GET /api/users
[12:38:20 AM] GET /api/users
[12:38:21 AM] GET /api/dashboard/stats
[12:38:21 AM] GET /api/projects
[12:38:21 AM] GET /api/dashboard/stats
[12:38:21 AM] GET /api/projects
[12:38:21 AM] GET /api/users
[12:38:21 AM] GET /api/users
[12:38:21 AM] GET /api/projects
[12:38:21 AM] GET /api/projects
[12:38:25 AM] GET /api/dashboard/stats
[12:38:25 AM] GET /api/projects
[12:38:25 AM] GET /api/dashboard/stats
[12:38:25 AM] GET /api/projects
[12:38:26 AM] GET /api/users
[12:38:26 AM] GET /api/users
[12:38:36 AM] GET /api/users
[12:38:36 AM] GET /api/users
[12:38:38 AM] GET /api/dashboard/stats
[12:38:38 AM] GET /api/projects
[12:38:38 AM] GET /api/dashboard/stats
[12:38:38 AM] GET /api/projects
[12:38:39 AM] GET /api/users
[12:38:39 AM] GET /api/projects
[12:38:39 AM] GET /api/users
[12:38:39 AM] GET /api/projects
[12:38:39 AM] GET /api/users
[12:38:39 AM] GET /api/users
[12:39:34 AM] POST /api/auth/login
[12:39:35 AM] GET /api/dashboard/stats
[12:39:35 AM] GET /api/projects
[12:39:35 AM] GET /api/dashboard/stats
[12:39:35 AM] GET /api/projects
[12:39:38 AM] GET /api/users
[12:39:38 AM] GET /api/projects
[12:39:38 AM] GET /api/users
[12:39:38 AM] GET /api/projects
[12:39:43 AM] POST /api/projects
[12:39:43 AM] GET /api/projects
[12:39:43 AM] GET /api/users
[12:39:45 AM] GET /api/dashboard/stats
[12:39:45 AM] GET /api/projects
[12:39:45 AM] GET /api/dashboard/stats
[12:39:46 AM] GET /api/projects
[12:39:46 AM] GET /api/users
[12:39:46 AM] GET /api/projects
[12:39:46 AM] GET /api/users
[12:39:46 AM] GET /api/projects
[12:39:48 AM] GET /api/users
[12:39:48 AM] GET /api/projects
[12:39:48 AM] GET /api/users
[12:39:48 AM] GET /api/projects
[12:39:54 AM] POST /api/projects
[12:39:54 AM] GET /api/projects
[12:39:54 AM] GET /api/users
[12:40:13 AM] POST /api/auth/login
[12:40:38 AM] POST /api/auth/login
[12:40:44 AM] POST /api/auth/login
[12:40:52 AM] POST /api/auth/login
[12:41:16 AM] POST /api/auth/login
[12:41:41 AM] POST /api/auth/login
[12:42:33 AM] POST /api/auth/signup
Signup Request Received: {
  name: 'raza',
  email: 'raza1@gmail.com',
  password: '123456789',
  role: 'admin'
}
User created successfully: raza1@gmail.com
[12:42:47 AM] POST /api/auth/login
[12:42:52 AM] POST /api/auth/login
[12:42:53 AM] GET /api/dashboard/stats
[12:42:53 AM] GET /api/projects
[12:42:53 AM] GET /api/dashboard/stats
[12:42:53 AM] GET /api/projects
[12:44:53 AM] GET /api/dashboard/stats
[12:44:53 AM] GET /api/projects
[12:44:53 AM] GET /api/dashboard/stats
[12:44:53 AM] GET /api/projects
[12:44:55 AM] GET /api/users
[12:44:55 AM] GET /api/projects
[12:44:55 AM] GET /api/users
[12:44:55 AM] GET /api/projects
[12:45:02 AM] POST /api/projects
[12:45:02 AM] GET /api/projects
[12:45:02 AM] GET /api/users
[12:45:04 AM] GET /api/users
[12:45:04 AM] GET /api/projects
[12:45:04 AM] GET /api/users
[12:45:05 AM] GET /api/projects
[12:45:10 AM] GET /api/users
[12:45:10 AM] GET /api/users
[12:45:11 AM] GET /api/projects
[12:45:11 AM] GET /api/users
[12:45:11 AM] GET /api/users
[12:45:11 AM] GET /api/projects
[12:45:12 AM] GET /api/dashboard/stats
[12:45:12 AM] GET /api/projects
[12:45:12 AM] GET /api/dashboard/stats
[12:45:12 AM] GET /api/projects
[12:45:13 AM] GET /api/projects
[12:45:13 AM] GET /api/users
[12:45:13 AM] GET /api/users
[12:45:13 AM] GET /api/projects
[12:45:15 AM] GET /api/dashboard/stats
[12:45:15 AM] GET /api/projects
[12:45:15 AM] GET /api/dashboard/stats
[12:45:15 AM] GET /api/projects
[12:45:16 AM] GET /api/users
[12:45:16 AM] GET /api/projects
[12:45:16 AM] GET /api/users
[12:45:16 AM] GET /api/projects
[12:45:18 AM] GET /api/users
[12:45:18 AM] GET /api/projects
[12:45:18 AM] GET /api/users
[12:45:18 AM] GET /api/projects
[12:51:50 AM] GET /api/users
[12:51:50 AM] GET /api/projects
